  main_genetic.cpp
C:\Users\razva\OneDrive\Desktop\licenta\code\Food-Delivery-App\v2\vs\visual_studio\visual_studio\include\read_file.h(80,39): warning C4244: 'argument': conversion from 'int' to 'float', possible loss of data
  (compiling source file 'main_genetic.cpp')
  
C:\Users\razva\OneDrive\Desktop\licenta\code\Food-Delivery-App\v2\vs\visual_studio\visual_studio\include\genetic_algo.h(20,16): warning C4244: 'return': conversion from 'double' to 'float', possible loss of data
  (compiling source file 'main_genetic.cpp')
  
C:\Users\razva\OneDrive\Desktop\licenta\code\Food-Delivery-App\v2\vs\visual_studio\visual_studio\include\genetic_algo.h(31,13): warning C4244: 'return': conversion from 'double' to 'float', possible loss of data
  (compiling source file 'main_genetic.cpp')
  
C:\Users\razva\OneDrive\Desktop\licenta\code\Food-Delivery-App\v2\vs\visual_studio\visual_studio\include\genetic_algo.h(85,72): warning C4267: 'argument': conversion from 'size_t' to 'int', possible loss of data
  (compiling source file 'main_genetic.cpp')
  
C:\Users\razva\OneDrive\Desktop\licenta\code\Food-Delivery-App\v2\vs\visual_studio\visual_studio\include\genetic_algo.h(95,60): warning C4267: 'argument': conversion from 'size_t' to 'int', possible loss of data
  (compiling source file 'main_genetic.cpp')
  
C:\Users\razva\OneDrive\Desktop\licenta\code\Food-Delivery-App\v2\vs\visual_studio\visual_studio\include\genetic_algo.h(377,59): warning C4267: 'argument': conversion from 'size_t' to 'int', possible loss of data
  (compiling source file 'main_genetic.cpp')
  
C:\Users\razva\OneDrive\Desktop\licenta\code\Food-Delivery-App\v2\vs\visual_studio\visual_studio\include\genetic_algo.h(378,59): warning C4267: 'argument': conversion from 'size_t' to 'int', possible loss of data
  (compiling source file 'main_genetic.cpp')
  
C:\Users\razva\OneDrive\Desktop\licenta\code\Food-Delivery-App\v2\vs\visual_studio\visual_studio\include\genetic_algo.h(391,11): warning C4267: 'initializing': conversion from 'size_t' to 'int', possible loss of data
  (compiling source file 'main_genetic.cpp')
  
C:\Users\razva\OneDrive\Desktop\licenta\code\Food-Delivery-App\v2\vs\visual_studio\visual_studio\include\genetic_algo.h(569,61): warning C4267: 'argument': conversion from 'size_t' to 'int', possible loss of data
  (compiling source file 'main_genetic.cpp')
  
C:\Users\razva\OneDrive\Desktop\licenta\code\Food-Delivery-App\v2\vs\visual_studio\visual_studio\include\genetic_algo.h(609,61): warning C4267: 'argument': conversion from 'size_t' to 'int', possible loss of data
  (compiling source file 'main_genetic.cpp')
  
C:\Users\razva\OneDrive\Desktop\licenta\code\Food-Delivery-App\v2\vs\visual_studio\visual_studio\include\genetic_algo.h(926,65): warning C4267: 'argument': conversion from 'size_t' to 'int', possible loss of data
  (compiling source file 'main_genetic.cpp')
  
C:\Users\razva\OneDrive\Desktop\licenta\code\Food-Delivery-App\v2\vs\visual_studio\visual_studio\include\genetic_algo.h(938,69): warning C4267: 'argument': conversion from 'size_t' to 'int', possible loss of data
  (compiling source file 'main_genetic.cpp')
  
C:\Users\razva\OneDrive\Desktop\licenta\code\Food-Delivery-App\v2\vs\visual_studio\visual_studio\include\genetic_algo.h(940,70): warning C4267: 'argument': conversion from 'size_t' to 'int', possible loss of data
  (compiling source file 'main_genetic.cpp')
  
C:\Users\razva\OneDrive\Desktop\licenta\code\Food-Delivery-App\v2\vs\visual_studio\visual_studio\include\printing.h(37,13): warning C4129: 'B': unrecognized character escape sequence
  (compiling source file 'main_genetic.cpp')
  
  visual_studio.vcxproj -> C:\Users\razva\OneDrive\Desktop\licenta\code\Food-Delivery-App\v2\vs\visual_studio\x64\Debug\visual_studio.exe
